<?xml version="1.0" encoding="UTF-8"?>
<coverage generated="1705171019105" clover="3.2.0">
  <project timestamp="1705171019105" name="All files">
    <metrics statements="32" coveredstatements="32" conditionals="6" coveredconditionals="6" methods="7" coveredmethods="7" elements="45" coveredelements="45" complexity="0" loc="32" ncloc="32" packages="1" files="1" classes="1"/>
    <file name="index.ts" path="C:\Users\ali90\OneDrive\Documents\GitHub\Exercism\Simple Cipher-TS\TS\index.ts">
      <metrics statements="32" coveredstatements="32" conditionals="6" coveredconditionals="6" methods="7" coveredmethods="7"/>
      <line num="6" count="1" type="stmt"/>
      <line num="12" count="7" type="cond" truecount="2" falsecount="0"/>
      <line num="13" count="7" type="stmt"/>
      <line num="14" count="7" type="stmt"/>
      <line num="18" count="7" type="cond" truecount="1" falsecount="0"/>
      <line num="19" count="1" type="stmt"/>
      <line num="22" count="7" type="stmt"/>
      <line num="23" count="7" type="stmt"/>
      <line num="25" count="76" type="stmt"/>
      <line num="28" count="76" type="cond" truecount="1" falsecount="0"/>
      <line num="29" count="15" type="stmt"/>
      <line num="32" count="76" type="stmt"/>
      <line num="35" count="7" type="stmt"/>
      <line num="39" count="6" type="cond" truecount="1" falsecount="0"/>
      <line num="40" count="1" type="stmt"/>
      <line num="43" count="6" type="stmt"/>
      <line num="44" count="6" type="stmt"/>
      <line num="46" count="63" type="stmt"/>
      <line num="49" count="63" type="cond" truecount="1" falsecount="0"/>
      <line num="50" count="12" type="stmt"/>
      <line num="53" count="63" type="stmt"/>
      <line num="56" count="6" type="stmt"/>
      <line num="60" count="3" type="stmt"/>
      <line num="61" count="3" type="stmt"/>
      <line num="62" count="300" type="stmt"/>
      <line num="64" count="3" type="stmt"/>
      <line num="68" count="300" type="stmt"/>
      <line num="69" count="300" type="stmt"/>
      <line num="73" count="2" type="stmt"/>
      <line num="74" count="6" type="stmt"/>
      <line num="76" count="2" type="stmt"/>
      <line num="80" count="7" type="stmt"/>
    </file>
  </project>
</coverage>
