<?xml version="1.0" encoding="UTF-8"?>
<coverage generated="1705169970527" clover="3.2.0">
  <project timestamp="1705169970527" name="All files">
    <metrics statements="37" coveredstatements="33" conditionals="7" coveredconditionals="6" methods="9" coveredmethods="8" elements="53" coveredelements="47" complexity="0" loc="37" ncloc="37" packages="1" files="1" classes="1"/>
    <file name="index.ts" path="C:\Users\ali90\OneDrive\Documents\GitHub\Exercism\Simple Cipher-TS\TS\index.ts">
      <metrics statements="37" coveredstatements="33" conditionals="7" coveredconditionals="6" methods="9" coveredmethods="8"/>
      <line num="6" count="1" type="stmt"/>
      <line num="12" count="7" type="cond" truecount="2" falsecount="0"/>
      <line num="13" count="7" type="stmt"/>
      <line num="14" count="7" type="stmt"/>
      <line num="18" count="7" type="stmt"/>
      <line num="20" count="7" type="stmt"/>
      <line num="21" count="7" type="stmt"/>
      <line num="23" count="76" type="stmt"/>
      <line num="26" count="76" type="cond" truecount="1" falsecount="0"/>
      <line num="27" count="13" type="stmt"/>
      <line num="30" count="76" type="stmt"/>
      <line num="33" count="7" type="stmt"/>
      <line num="37" count="6" type="stmt"/>
      <line num="39" count="6" type="stmt"/>
      <line num="40" count="6" type="stmt"/>
      <line num="42" count="63" type="stmt"/>
      <line num="45" count="63" type="cond" truecount="1" falsecount="0"/>
      <line num="46" count="10" type="stmt"/>
      <line num="49" count="63" type="stmt"/>
      <line num="52" count="6" type="stmt"/>
      <line num="56" count="13" type="cond" truecount="1" falsecount="1"/>
      <line num="57" count="0" type="stmt"/>
      <line num="58" count="13" type="cond" truecount="1" falsecount="0"/>
      <line num="59" count="2" type="stmt"/>
      <line num="64" count="3" type="stmt"/>
      <line num="65" count="3" type="stmt"/>
      <line num="66" count="300" type="stmt"/>
      <line num="68" count="3" type="stmt"/>
      <line num="72" count="300" type="stmt"/>
      <line num="73" count="300" type="stmt"/>
      <line num="77" count="0" type="stmt"/>
      <line num="79" count="0" type="stmt"/>
      <line num="80" count="0" type="stmt"/>
      <line num="87" count="2" type="stmt"/>
      <line num="88" count="6" type="stmt"/>
      <line num="90" count="2" type="stmt"/>
      <line num="94" count="7" type="stmt"/>
    </file>
  </project>
</coverage>
