{"C:\\Users\\ali90\\OneDrive\\Documents\\GitHub\\Exercism\\Simple Cipher-TS\\TS\\index.ts": {"path":"C:\\Users\\ali90\\OneDrive\\Documents\\GitHub\\Exercism\\Simple Cipher-TS\\TS\\index.ts","statementMap":{"0":{"start":{"line":12,"column":8},"end":{"line":12,"column":54}},"1":{"start":{"line":13,"column":8},"end":{"line":13,"column":30}},"2":{"start":{"line":14,"column":8},"end":{"line":14,"column":30}},"3":{"start":{"line":18,"column":8},"end":{"line":20,"column":9}},"4":{"start":{"line":19,"column":12},"end":{"line":19,"column":44}},"5":{"start":{"line":22,"column":8},"end":{"line":22,"column":30}},"6":{"start":{"line":23,"column":8},"end":{"line":33,"column":9}},"7":{"start":{"line":23,"column":21},"end":{"line":23,"column":22}},"8":{"start":{"line":25,"column":16},"end":{"line":26,"column":60}},"9":{"start":{"line":28,"column":12},"end":{"line":30,"column":13}},"10":{"start":{"line":29,"column":16},"end":{"line":29,"column":31}},"11":{"start":{"line":32,"column":12},"end":{"line":32,"column":62}},"12":{"start":{"line":35,"column":8},"end":{"line":35,"column":32}},"13":{"start":{"line":39,"column":8},"end":{"line":41,"column":9}},"14":{"start":{"line":40,"column":12},"end":{"line":40,"column":44}},"15":{"start":{"line":43,"column":8},"end":{"line":43,"column":30}},"16":{"start":{"line":44,"column":8},"end":{"line":54,"column":9}},"17":{"start":{"line":44,"column":21},"end":{"line":44,"column":22}},"18":{"start":{"line":46,"column":16},"end":{"line":47,"column":60}},"19":{"start":{"line":49,"column":12},"end":{"line":51,"column":13}},"20":{"start":{"line":50,"column":16},"end":{"line":50,"column":31}},"21":{"start":{"line":53,"column":12},"end":{"line":53,"column":62}},"22":{"start":{"line":56,"column":8},"end":{"line":56,"column":32}},"23":{"start":{"line":60,"column":18},"end":{"line":60,"column":20}},"24":{"start":{"line":61,"column":8},"end":{"line":63,"column":9}},"25":{"start":{"line":61,"column":21},"end":{"line":61,"column":22}},"26":{"start":{"line":62,"column":12},"end":{"line":62,"column":39}},"27":{"start":{"line":64,"column":8},"end":{"line":64,"column":19}},"28":{"start":{"line":68,"column":18},"end":{"line":68,"column":48}},"29":{"start":{"line":69,"column":8},"end":{"line":69,"column":43}},"30":{"start":{"line":73,"column":8},"end":{"line":75,"column":9}},"31":{"start":{"line":74,"column":12},"end":{"line":74,"column":43}},"32":{"start":{"line":76,"column":8},"end":{"line":76,"column":64}},"33":{"start":{"line":80,"column":8},"end":{"line":80,"column":29}},"34":{"start":{"line":6,"column":0},"end":{"line":6,"column":13}}},"fnMap":{"0":{"name":"(anonymous_0)","decl":{"start":{"line":11,"column":4},"end":{"line":11,"column":16}},"loc":{"start":{"line":11,"column":28},"end":{"line":15,"column":5}}},"1":{"name":"(anonymous_1)","decl":{"start":{"line":17,"column":4},"end":{"line":17,"column":10}},"loc":{"start":{"line":17,"column":24},"end":{"line":36,"column":5}}},"2":{"name":"(anonymous_2)","decl":{"start":{"line":38,"column":4},"end":{"line":38,"column":10}},"loc":{"start":{"line":38,"column":24},"end":{"line":57,"column":5}}},"3":{"name":"(anonymous_3)","decl":{"start":{"line":59,"column":4},"end":{"line":59,"column":19}},"loc":{"start":{"line":59,"column":19},"end":{"line":65,"column":5}}},"4":{"name":"(anonymous_4)","decl":{"start":{"line":67,"column":4},"end":{"line":67,"column":16}},"loc":{"start":{"line":67,"column":16},"end":{"line":70,"column":5}}},"5":{"name":"(anonymous_5)","decl":{"start":{"line":72,"column":4},"end":{"line":72,"column":16}},"loc":{"start":{"line":72,"column":36},"end":{"line":77,"column":5}}},"6":{"name":"(anonymous_6)","decl":{"start":{"line":79,"column":4},"end":{"line":79,"column":8}},"loc":{"start":{"line":79,"column":11},"end":{"line":81,"column":5}}}},"branchMap":{"0":{"loc":{"start":{"line":12,"column":24},"end":{"line":12,"column":53}},"type":"binary-expr","locations":[{"start":{"line":12,"column":24},"end":{"line":12,"column":27}},{"start":{"line":12,"column":31},"end":{"line":12,"column":53}}]},"1":{"loc":{"start":{"line":18,"column":8},"end":{"line":20,"column":9}},"type":"if","locations":[{"start":{"line":18,"column":8},"end":{"line":20,"column":9}}]},"2":{"loc":{"start":{"line":28,"column":12},"end":{"line":30,"column":13}},"type":"if","locations":[{"start":{"line":28,"column":12},"end":{"line":30,"column":13}}]},"3":{"loc":{"start":{"line":39,"column":8},"end":{"line":41,"column":9}},"type":"if","locations":[{"start":{"line":39,"column":8},"end":{"line":41,"column":9}}]},"4":{"loc":{"start":{"line":49,"column":12},"end":{"line":51,"column":13}},"type":"if","locations":[{"start":{"line":49,"column":12},"end":{"line":51,"column":13}}]}},"s":{"0":7,"1":7,"2":7,"3":7,"4":1,"5":7,"6":7,"7":7,"8":76,"9":76,"10":15,"11":76,"12":7,"13":6,"14":1,"15":6,"16":6,"17":6,"18":63,"19":63,"20":12,"21":63,"22":6,"23":3,"24":3,"25":3,"26":300,"27":3,"28":300,"29":300,"30":2,"31":6,"32":2,"33":7,"34":1},"f":{"0":7,"1":7,"2":6,"3":3,"4":300,"5":2,"6":7},"b":{"0":[7,3],"1":[1],"2":[15],"3":[1],"4":[12]}}
}
