{"C:\\Users\\ali90\\OneDrive\\Documents\\GitHub\\Exercism\\Simple Cipher-TS\\TS\\index.ts": {"path":"C:\\Users\\ali90\\OneDrive\\Documents\\GitHub\\Exercism\\Simple Cipher-TS\\TS\\index.ts","statementMap":{"0":{"start":{"line":12,"column":8},"end":{"line":12,"column":54}},"1":{"start":{"line":13,"column":8},"end":{"line":13,"column":30}},"2":{"start":{"line":14,"column":8},"end":{"line":14,"column":30}},"3":{"start":{"line":18,"column":8},"end":{"line":18,"column":31}},"4":{"start":{"line":20,"column":8},"end":{"line":20,"column":30}},"5":{"start":{"line":21,"column":8},"end":{"line":31,"column":9}},"6":{"start":{"line":21,"column":21},"end":{"line":21,"column":22}},"7":{"start":{"line":23,"column":16},"end":{"line":24,"column":60}},"8":{"start":{"line":26,"column":12},"end":{"line":28,"column":13}},"9":{"start":{"line":27,"column":16},"end":{"line":27,"column":31}},"10":{"start":{"line":30,"column":12},"end":{"line":30,"column":62}},"11":{"start":{"line":33,"column":8},"end":{"line":33,"column":32}},"12":{"start":{"line":37,"column":8},"end":{"line":37,"column":31}},"13":{"start":{"line":39,"column":8},"end":{"line":39,"column":30}},"14":{"start":{"line":40,"column":8},"end":{"line":50,"column":9}},"15":{"start":{"line":40,"column":21},"end":{"line":40,"column":22}},"16":{"start":{"line":42,"column":16},"end":{"line":43,"column":60}},"17":{"start":{"line":45,"column":12},"end":{"line":47,"column":13}},"18":{"start":{"line":46,"column":16},"end":{"line":46,"column":31}},"19":{"start":{"line":49,"column":12},"end":{"line":49,"column":62}},"20":{"start":{"line":52,"column":8},"end":{"line":52,"column":32}},"21":{"start":{"line":56,"column":8},"end":{"line":60,"column":9}},"22":{"start":{"line":57,"column":12},"end":{"line":57,"column":42}},"23":{"start":{"line":58,"column":15},"end":{"line":60,"column":9}},"24":{"start":{"line":59,"column":12},"end":{"line":59,"column":44}},"25":{"start":{"line":64,"column":18},"end":{"line":64,"column":20}},"26":{"start":{"line":65,"column":8},"end":{"line":67,"column":9}},"27":{"start":{"line":65,"column":21},"end":{"line":65,"column":22}},"28":{"start":{"line":66,"column":12},"end":{"line":66,"column":39}},"29":{"start":{"line":68,"column":8},"end":{"line":68,"column":19}},"30":{"start":{"line":72,"column":18},"end":{"line":72,"column":48}},"31":{"start":{"line":73,"column":8},"end":{"line":73,"column":43}},"32":{"start":{"line":77,"column":26},"end":{"line":77,"column":52}},"33":{"start":{"line":79,"column":8},"end":{"line":83,"column":9}},"34":{"start":{"line":80,"column":12},"end":{"line":82,"column":14}},"35":{"start":{"line":87,"column":8},"end":{"line":89,"column":9}},"36":{"start":{"line":88,"column":12},"end":{"line":88,"column":43}},"37":{"start":{"line":90,"column":8},"end":{"line":90,"column":64}},"38":{"start":{"line":94,"column":8},"end":{"line":94,"column":29}},"39":{"start":{"line":6,"column":0},"end":{"line":6,"column":13}}},"fnMap":{"0":{"name":"(anonymous_0)","decl":{"start":{"line":11,"column":4},"end":{"line":11,"column":16}},"loc":{"start":{"line":11,"column":28},"end":{"line":15,"column":5}}},"1":{"name":"(anonymous_1)","decl":{"start":{"line":17,"column":4},"end":{"line":17,"column":10}},"loc":{"start":{"line":17,"column":24},"end":{"line":34,"column":5}}},"2":{"name":"(anonymous_2)","decl":{"start":{"line":36,"column":4},"end":{"line":36,"column":10}},"loc":{"start":{"line":36,"column":24},"end":{"line":53,"column":5}}},"3":{"name":"(anonymous_3)","decl":{"start":{"line":55,"column":4},"end":{"line":55,"column":14}},"loc":{"start":{"line":55,"column":28},"end":{"line":61,"column":5}}},"4":{"name":"(anonymous_4)","decl":{"start":{"line":63,"column":4},"end":{"line":63,"column":19}},"loc":{"start":{"line":63,"column":19},"end":{"line":69,"column":5}}},"5":{"name":"(anonymous_5)","decl":{"start":{"line":71,"column":4},"end":{"line":71,"column":16}},"loc":{"start":{"line":71,"column":16},"end":{"line":74,"column":5}}},"6":{"name":"(anonymous_6)","decl":{"start":{"line":76,"column":4},"end":{"line":76,"column":14}},"loc":{"start":{"line":76,"column":34},"end":{"line":84,"column":5}}},"7":{"name":"(anonymous_7)","decl":{"start":{"line":86,"column":4},"end":{"line":86,"column":16}},"loc":{"start":{"line":86,"column":36},"end":{"line":91,"column":5}}},"8":{"name":"(anonymous_8)","decl":{"start":{"line":93,"column":4},"end":{"line":93,"column":8}},"loc":{"start":{"line":93,"column":11},"end":{"line":95,"column":5}}}},"branchMap":{"0":{"loc":{"start":{"line":12,"column":24},"end":{"line":12,"column":53}},"type":"binary-expr","locations":[{"start":{"line":12,"column":24},"end":{"line":12,"column":27}},{"start":{"line":12,"column":31},"end":{"line":12,"column":53}}]},"1":{"loc":{"start":{"line":26,"column":12},"end":{"line":28,"column":13}},"type":"if","locations":[{"start":{"line":26,"column":12},"end":{"line":28,"column":13}}]},"2":{"loc":{"start":{"line":45,"column":12},"end":{"line":47,"column":13}},"type":"if","locations":[{"start":{"line":45,"column":12},"end":{"line":47,"column":13}}]},"3":{"loc":{"start":{"line":56,"column":8},"end":{"line":60,"column":9}},"type":"if","locations":[{"start":{"line":56,"column":8},"end":{"line":60,"column":9}},{"start":{"line":58,"column":15},"end":{"line":60,"column":9}}]},"4":{"loc":{"start":{"line":58,"column":15},"end":{"line":60,"column":9}},"type":"if","locations":[{"start":{"line":58,"column":15},"end":{"line":60,"column":9}}]}},"s":{"0":7,"1":7,"2":7,"3":7,"4":7,"5":7,"6":7,"7":76,"8":76,"9":13,"10":76,"11":7,"12":6,"13":6,"14":6,"15":6,"16":63,"17":63,"18":10,"19":63,"20":6,"21":13,"22":0,"23":13,"24":2,"25":3,"26":3,"27":3,"28":300,"29":3,"30":300,"31":300,"32":0,"33":0,"34":0,"35":2,"36":6,"37":2,"38":7,"39":1},"f":{"0":7,"1":7,"2":6,"3":13,"4":3,"5":300,"6":0,"7":2,"8":7},"b":{"0":[7,3],"1":[13],"2":[10],"3":[0,13],"4":[2]}}
}
