TN:
SF:TS\index.ts
FN:11,(anonymous_0)
FN:17,(anonymous_1)
FN:38,(anonymous_2)
FN:59,(anonymous_3)
FN:67,(anonymous_4)
FN:72,(anonymous_5)
FN:79,(anonymous_6)
FNF:7
FNH:7
FNDA:7,(anonymous_0)
FNDA:7,(anonymous_1)
FNDA:6,(anonymous_2)
FNDA:3,(anonymous_3)
FNDA:300,(anonymous_4)
FNDA:2,(anonymous_5)
FNDA:7,(anonymous_6)
DA:6,1
DA:12,7
DA:13,7
DA:14,7
DA:18,7
DA:19,1
DA:22,7
DA:23,7
DA:25,76
DA:28,76
DA:29,15
DA:32,76
DA:35,7
DA:39,6
DA:40,1
DA:43,6
DA:44,6
DA:46,63
DA:49,63
DA:50,12
DA:53,63
DA:56,6
DA:60,3
DA:61,3
DA:62,300
DA:64,3
DA:68,300
DA:69,300
DA:73,2
DA:74,6
DA:76,2
DA:80,7
LF:32
LH:32
BRDA:12,0,0,7
BRDA:12,0,1,3
BRDA:18,1,0,1
BRDA:28,2,0,15
BRDA:39,3,0,1
BRDA:49,4,0,12
BRF:6
BRH:6
end_of_record
