TN:
SF:TS\index.ts
FN:11,(anonymous_0)
FN:17,(anonymous_1)
FN:36,(anonymous_2)
FN:55,(anonymous_3)
FN:63,(anonymous_4)
FN:71,(anonymous_5)
FN:76,(anonymous_6)
FN:86,(anonymous_7)
FN:93,(anonymous_8)
FNF:9
FNH:8
FNDA:7,(anonymous_0)
FNDA:7,(anonymous_1)
FNDA:6,(anonymous_2)
FNDA:13,(anonymous_3)
FNDA:3,(anonymous_4)
FNDA:300,(anonymous_5)
FNDA:0,(anonymous_6)
FNDA:2,(anonymous_7)
FNDA:7,(anonymous_8)
DA:6,1
DA:12,7
DA:13,7
DA:14,7
DA:18,7
DA:20,7
DA:21,7
DA:23,76
DA:26,76
DA:27,13
DA:30,76
DA:33,7
DA:37,6
DA:39,6
DA:40,6
DA:42,63
DA:45,63
DA:46,10
DA:49,63
DA:52,6
DA:56,13
DA:57,0
DA:58,13
DA:59,2
DA:64,3
DA:65,3
DA:66,300
DA:68,3
DA:72,300
DA:73,300
DA:77,0
DA:79,0
DA:80,0
DA:87,2
DA:88,6
DA:90,2
DA:94,7
LF:37
LH:33
BRDA:12,0,0,7
BRDA:12,0,1,3
BRDA:26,1,0,13
BRDA:45,2,0,10
BRDA:56,3,0,0
BRDA:56,3,1,13
BRDA:58,4,0,2
BRF:7
BRH:6
end_of_record
